<!--

    Copyright 2013-2024 The OpenZipkin Authors

    Licensed under the Apache License, Version 2.0 (the "License"); you may not use this file except
    in compliance with the License. You may obtain a copy of the License at

    http://www.apache.org/licenses/LICENSE-2.0

    Unless required by applicable law or agreed to in writing, software distributed under the License
    is distributed on an "AS IS" BASIS, WITHOUT WARRANTIES OR CONDITIONS OF ANY KIND, either express
    or implied. See the License for the specific language governing permissions and limitations under
    the License.

-->
<assembly xmlns="http://maven.apache.org/ASSEMBLY/2.2.0" xmlns:xsi="http://www.w3.org/2001/XMLSchema-instance"
  xsi:schemaLocation="http://maven.apache.org/ASSEMBLY/2.2.0 https://maven.apache.org/xsd/assembly-2.2.0.xsd">
  <!-- This is an alternative to maven-shade-plugin, which makes an executable
       jar from the test source tree. This was made due to lack of success
       getting 'shadeTestJar' and similar configuration working. -->
  <id>test-jar</id>
  <formats>
    <format>jar</format>
  </formats>
  <includeBaseDirectory>false</includeBaseDirectory>
  <dependencySets>
    <dependencySet>
      <outputDirectory>/</outputDirectory>
      <useProjectArtifact>true</useProjectArtifact>
      <unpack>true</unpack>
      <scope>test</scope>
    </dependencySet>
  </dependencySets>
  <fileSets>
    <fileSet>
      <directory>${project.build.directory}/test-classes</directory>
      <outputDirectory>/</outputDirectory>
      <includes>
        <include>**/*</include>
      </includes>
      <useDefaultExcludes>true</useDefaultExcludes>
    </fileSet>
  </fileSets>
</assembly>
